<?xml version="1.0" encoding="UTF-8"?>
<!-- Generated by org.testng.reporters.JUnitReportReporter -->
<testsuite hostname="MGTECHLPT311" failures="0" tests="1" name="testRunner.TestNgRunner" time="14.277" errors="0" timestamp="2023-07-19T15:40:08 IST" skipped="0">
  <testcase classname="testRunner.TestNgRunner" name="runScenario" time="14.277"/>
  <system-out/>
</testsuite> <!-- testRunner.TestNgRunner -->
